Assembler report for LPRS1_CPU
Mon Jan 16 13:26:43 2023
Quartus Prime Version 19.1.0 Build 670 09/22/2019 SJ Lite Edition


---------------------
; Table of Contents ;
---------------------
  1. Legal Notice
  2. Assembler Summary
  3. Assembler Settings
  4. Assembler Generated Files
  5. Assembler Device Options: LPRS1_CPU.sof
  6. Assembler Messages



----------------
; Legal Notice ;
----------------
Copyright (C) 2019  Intel Corporation. All rights reserved.
Your use of Intel Corporation's design tools, logic functions 
and other software and tools, and any partner logic 
functions, and any output files from any of the foregoing 
(including device programming or simulation files), and any 
associated documentation or information are expressly subject 
to the terms and conditions of the Intel Program License 
Subscription Agreement, the Intel Quartus Prime License Agreement,
the Intel FPGA IP License Agreement, or other applicable license
agreement, including, without limitation, that your use is for
the sole purpose of programming logic devices manufactured by
Intel and sold by Intel or its authorized distributors.  Please
refer to the applicable agreement for further details, at
https://fpgasoftware.intel.com/eula.



+---------------------------------------------------------------+
; Assembler Summary                                             ;
+-----------------------+---------------------------------------+
; Assembler Status      ; Successful - Mon Jan 16 13:26:43 2023 ;
; Revision Name         ; LPRS1_CPU                             ;
; Top-level Entity Name ; top                                   ;
; Family                ; MAX 10                                ;
; Device                ; 10M16SAU169C8G                        ;
+-----------------------+---------------------------------------+


+----------------------------------+
; Assembler Settings               ;
+--------+---------+---------------+
; Option ; Setting ; Default Value ;
+--------+---------+---------------+


+--------------------------------------------------------------------------------------------------------------------------------------------------------------+
; Assembler Generated Files                                                                                                                                    ;
+--------------------------------------------------------------------------------------------------------------------------------------------------------------+
; File Name                                                                                                                                                    ;
+--------------------------------------------------------------------------------------------------------------------------------------------------------------+
; /home/rtrk/in10_2021/owentimer-20230116T102442Z-001/owentimer/LPRS1_CPU_RGB_Matrix_PB-2022-12-12-13-54-35/LPRS1_CPU_RGB_Matrix_PB/output_files/LPRS1_CPU.sof ;
+--------------------------------------------------------------------------------------------------------------------------------------------------------------+


+-----------------------------------------+
; Assembler Device Options: LPRS1_CPU.sof ;
+----------------+------------------------+
; Option         ; Setting                ;
+----------------+------------------------+
; JTAG usercode  ; 0x005D8677             ;
; Checksum       ; 0x005D8677             ;
+----------------+------------------------+


+--------------------+
; Assembler Messages ;
+--------------------+
Info: *******************************************************************
Info: Running Quartus Prime Assembler
    Info: Version 19.1.0 Build 670 09/22/2019 SJ Lite Edition
    Info: Processing started: Mon Jan 16 13:26:42 2023
Info: Command: quartus_asm --read_settings_files=off --write_settings_files=off LPRS1_CPU -c LPRS1_CPU
Info (115031): Writing out detailed assembly data for power analysis
Info (115030): Assembler is generating device programming files
Info: Quartus Prime Assembler was successful. 0 errors, 0 warnings
    Info: Peak virtual memory: 853 megabytes
    Info: Processing ended: Mon Jan 16 13:26:44 2023
    Info: Elapsed time: 00:00:02
    Info: Total CPU time (on all processors): 00:00:02


